<?xml version="1.0" encoding="UTF-8"?>
<!-- Generated by org.testng.reporters.JUnitReportReporter -->
<testsuite hostname="DESKTOP-OCSSKAH" failures="0" tests="1" name="Login.LoginTestCases" time="6.436" errors="0" timestamp="2026-06-30T15:25:35 IST" skipped="0">
  <testcase classname="Login.LoginTestCases" name="verifyLoginUsingValidCredentials" time="6.436">
    <system-out>
      <![CDATA[onTestStart
onTestSuccess]]>
    </system-out>
  </testcase> <!-- verifyLoginUsingValidCredentials -->
  <system-out>
    <![CDATA[onStart
onTestStart
onTestSuccess
onTestStart
onTestSuccess]]>
  </system-out>
</testsuite> <!-- Login.LoginTestCases -->
